Arguments: 
  /usr/local/n/versions/node/11.8.0/bin/node /usr/local/bin/yarn add --dev babel-polyfill

PATH: 
  /usr/bin:/bin:/usr/sbin:/sbin:/usr/local/bin

Yarn version: 
  1.13.0

Node version: 
  8.9.4

Platform: 
  darwin x64

Trace: 
  Error: ENOENT: no such file or directory, copyfile '/Users/zhoumusheng/Library/Caches/Yarn/v4/npm-ansi-styles-2.2.1-b432dd3358b634cf75e1e4664368240533c1ddbe/node_modules/ansi-styles/license' -> '/Users/zhoumusheng/PT/crx-daren-1/node_modules/babel-code-frame/node_modules/ansi-styles/license'

npm manifest: 
  {
    "name": "willbe-plug",
    "version": "1.2.0",
    "description": "",
    "main": "index.js",
    "scripts": {
      "dev": "webpack --config webpack/dev.js --env.local",
      "local": "webpack --config webpack/local.js --env.local",
      "bundle": "webpack --config webpack/prod.js --env=prod --progress --profile --colors",
      "deploy": "node cdn.js"
    },
    "author": "samZhou",
    "license": "ISC",
    "devDependencies": {
      "babel-core": "^6.26.3",
      "babel-loader": "^7.1.5",
      "babel-plugin-transform-object-rest-spread": "^6.23.0",
      "babel-preset-env": "^1.5.2",
      "babel-preset-es2015": "^6.24.1",
      "clean-webpack-plugin": "^0.1.19",
      "copy-webpack-plugin": "^4.5.2",
      "source-map-loader": "^0.2.1",
      "uglify-es-webpack-plugin": "^0.0.2",
      "uglifyjs-webpack-plugin": "^2.1.1",
      "webpack": "^4.16.5",
      "webpack-cli": "^3.1.0",
      "webpack-merge": "^4.1.0"
    }
  }

yarn manifest: 
  No manifest

Lockfile: 
  No lockfile
